2026-02-18T09:19:29.842Z - Login attempt for: admin@appnest.in
2026-02-18T09:20:16.961Z - Login attempt for: zahidqureshi1003@gmail.com
2026-02-18T09:20:38.257Z - Login attempt for: admin@appnest.in
2026-02-18T11:04:27.968Z - Login attempt for: admin@appnest.in
2026-02-18T11:17:38.616Z - Login attempt for: admin@appnest.in
2026-02-18T15:49:27.597Z - Login attempt for: admin@appnest.in
2026-02-18T15:49:34.731Z - Login attempt for: admin@appnest.in
2026-02-18T15:50:03.540Z - Login attempt for: zahidqureshi1003@gmail.com
2026-02-18T15:50:33.700Z - Login attempt for: admin@appnest.in
2026-02-18T15:51:20.619Z - Login attempt for: zahidqureshi1003@gmail.com
2026-02-18T15:52:07.218Z - Login attempt for: admin@appnest.in
2026-02-18T15:53:11.697Z - Login attempt for: zahidqureshi1003@gmail.com
2026-02-18T15:53:51.769Z - Login attempt for: admin@appnest.in
2026-02-18T16:10:07.550Z - Login attempt for: zahidqureshi1003@gmail.com
2026-02-18T16:11:18.608Z - Login attempt for: admin@appnest.in
2026-02-18T16:32:38.505Z - Login attempt for: zahidqureshi1003@gmail.com
2026-02-18T16:48:19.624Z - Login attempt for: zahidqureshi1003@gmail.com
2026-02-18T16:48:31.492Z - Login attempt for: admin@appnest.in
2026-02-18T16:49:41.050Z - Login attempt for: zahidqureshi1003@gmail.com
2026-02-18T16:53:57.647Z - Login attempt for: admin@appnest.in
2026-02-18T16:54:29.347Z - Login attempt for: zahidqureshi1003@gmail.com
2026-02-18T17:10:36.036Z - Login attempt for: admin@appnest.in
2026-02-18T17:18:14.305Z - Login attempt for: admin@appnest.in
2026-02-18T17:35:02.283Z - Login attempt for: admin@appnest.in
2026-02-18T17:36:10.052Z - Login attempt for: zahidqureshi1003@gmail.com
2026-02-18T17:37:59.359Z - Login attempt for: admin@appnest.in
2026-02-18T17:38:18.773Z - Login attempt for: zahidqureshi1003@gmail.com
2026-02-18T17:38:30.800Z - Login attempt for: admin@appnest.in
2026-02-18T17:38:51.869Z - Login attempt for: zahidqureshi1003@gmail.com
2026-02-18T17:39:08.451Z - Login attempt for: admin@appnest.in
2026-02-18T17:52:14.207Z - Login attempt for: admin@appnest.in
2026-02-18T17:52:28.279Z - Login attempt for: zahidqureshi1003@gmail.com
2026-02-18T17:57:03.946Z - Login attempt for: zahidqureshi1003@gmail.com
2026-02-19T06:05:33.484Z - Login attempt for: zahidqureshi1003@gmail.com
2026-02-19T06:05:41.214Z - Login attempt for: zahidqureshi1003@gmail.com
2026-02-19T06:43:55.650Z - Login attempt for: zahidqureshi1003@gmail.com
2026-02-19T06:44:04.946Z - Login attempt for: admin@appnest.in
2026-02-19T06:51:42.084Z - Login attempt for: zahidqureshi1003@gmail.com
2026-02-19T06:55:53.238Z - Login attempt for: admin@appnest.in
2026-02-19T06:55:58.991Z - Login attempt for: zahidqureshi1003@gmail.com
2026-02-19T06:57:50.612Z - Login attempt for: admin@appnest.in
2026-02-19T06:58:19.497Z - Login attempt for: zahidqureshi1003@gmail.com
2026-02-19T07:08:55.072Z - Login attempt for: zahidqureshi1003@gmail.com
2026-02-19T07:09:14.879Z - Login attempt for: admin@appnest.in
2026-02-19T07:09:52.304Z - Login attempt for: zahidqureshi1003@gmail.com
2026-02-19T07:11:43.757Z - Login attempt for: admin@appnest.in
2026-02-19T07:11:48.023Z - Login attempt for: zahidqureshi1003@gmail.com
2026-02-19T07:12:28.529Z - Login attempt for: zahidqureshi1003@gmail.com
2026-02-19T07:12:51.187Z - Login attempt for: admin@appnest.in
2026-02-19T07:14:29.640Z - Login attempt for: zahidqureshi1003@gmail.com
2026-02-19T07:15:41.637Z - Login attempt for: admin@appnest.in
2026-02-19T07:26:33.252Z - Login attempt for: zahidqureshi1003@gmail.com
2026-02-19T07:32:32.796Z - Login attempt for: admin@appnest.in
2026-02-19T07:33:11.889Z - Login attempt for: zahidqureshi1003@gmail.com
2026-02-19T07:33:24.064Z - Login attempt for: zahidqureshi1003@gmail.com
2026-02-19T07:33:36.813Z - Login attempt for: zahidqureshi1003@gmail.com
2026-02-19T07:35:27.460Z - Login attempt for: zahidqureshi1003@gmail.com
2026-02-19T07:37:44.381Z - Login attempt for: zahidqureshi1003@gmail.com
2026-02-19T09:04:46.577Z - Login attempt for: zahidqureshi1003@gmail.com
2026-02-19T09:08:08.565Z - Login attempt for: admin@appnest.in
2026-02-19T09:09:58.399Z - Login attempt for: zahidqureshi1003@gmail.com
2026-02-19T09:16:02.246Z - Login attempt for: zahidqureshi1003@gmail.com
2026-02-19T09:16:11.309Z - Login attempt for: zahidqureshi1003@gmail.com
2026-02-19T09:16:22.132Z - Login attempt for: admin@appnest.in
2026-02-19T09:17:54.451Z - Login attempt for: zahidqureshi1003@gmail.com
2026-02-19T09:18:42.024Z - Login attempt for: admin@appnest.in
2026-02-19T09:19:34.582Z - Login attempt for: zahidqureshi1003@gmail.com
2026-02-19T09:20:00.536Z - Login attempt for: admin@appnest.in
2026-02-19T09:20:20.697Z - Login attempt for: zahidqureshi1003@gmail.com
2026-02-19T09:22:45.216Z - Login attempt for: admin@appnest.in
2026-02-19T09:23:40.184Z - Login attempt for: zahidqureshi1003@gmail.com
2026-02-19T09:24:05.734Z - Login attempt for: admin@appnest.in
2026-02-19T09:24:22.375Z - Login attempt for: zahidqureshi1003@gmail.com
2026-02-19T09:24:52.117Z - Login attempt for: admin@appnest.in
2026-02-19T09:25:58.477Z - Login attempt for: zahidqureshi1003@gmail.com
2026-02-19T09:26:18.081Z - Login attempt for: admin@appnest.in
2026-02-19T09:26:29.002Z - Login attempt for: zahidqureshi1003@gmail.com
2026-02-19T09:41:38.069Z - Login attempt for: admin@appnest.in
2026-02-19T09:42:28.260Z - Login attempt for: zahidqureshi1003@gmail.com
2026-02-19T09:43:54.661Z - Login attempt for: admin@appnest.in
2026-02-19T09:45:13.980Z - Login attempt for: admin@appnest.in
2026-02-19T10:00:20.948Z - Login attempt for: admin@appnest.in
2026-02-19T10:00:22.645Z - Login attempt for: admin@appnest.in
2026-02-19T10:01:25.924Z - Login attempt for: admin@appnest.in
2026-02-19T10:01:51.528Z - Login attempt for: admin@appnest.in
2026-02-19T10:02:33.289Z - Login attempt for: admin@appnest.in
2026-02-19T10:29:15.468Z - Login attempt for: admin@appnest.in
2026-02-19T10:32:58.812Z - Login attempt for: admin@appnest.in
2026-02-19T10:35:34.113Z - Login attempt for: admin@appnest.in
2026-02-19T10:36:15.801Z - Login attempt for: admin@appnest.in
2026-02-19T10:41:26.746Z - Login attempt for: admin@appnest.in
2026-02-19T13:30:46.609Z - Login attempt for: admin@appnest.in
2026-02-19T13:30:47.994Z - Login attempt for: admin@appnest.in
2026-02-19T13:31:34.540Z - Login attempt for: admin@appnest.in
2026-02-19T16:19:59.024Z - Login attempt for: admin@appnest.in
2026-02-19T16:20:01.460Z - Login attempt for: admin@appnest.in
2026-02-19T16:24:58.694Z - Login attempt for: admin@appnest.in
2026-02-19T16:25:45.871Z - Login attempt for: admin@appnest.in
2026-02-19T16:37:28.551Z - Login attempt for: admin@appnest.in
2026-02-19T16:38:39.354Z - Login attempt for: zahidqureshi1003@gmail.com
2026-02-19T16:42:21.720Z - Login attempt for: admin@appnest.in
2026-02-19T16:47:41.049Z - Login attempt for: zahidqureshi1003@gmail.com
2026-02-19T17:14:12.406Z - Login attempt for: admin@appnest.in
2026-02-19T17:15:48.761Z - Login attempt for: zahidqureshi1003@gmail.com
2026-02-19T17:16:07.769Z - Login attempt for: admin@appnest.in
2026-02-19T17:16:24.721Z - Login attempt for: zahidqureshi1003@gmail.com
2026-02-19T17:23:00.094Z - Login attempt for: zahidqureshi1003@gmail.com
2026-02-19T17:23:25.130Z - Login attempt for: admin@appnest.in
2026-02-19T17:24:25.382Z - Login attempt for: admin@appnest.in
2026-02-19T17:24:34.743Z - Login attempt for: admin@appnest.in
2026-02-19T17:24:44.436Z - Login attempt for: zahidqureshi1003@gmail.com
2026-02-19T17:24:53.350Z - Login attempt for: admin@appnest.in
2026-02-20T06:03:28.504Z - Login attempt for: admin@appnest.in
2026-02-20T06:12:22.539Z - Login attempt for: admin@appnest.in
2026-02-20T06:15:49.260Z - Login attempt for: zahidqureshi1003@gmail.com
2026-02-20T06:17:18.250Z - Login attempt for: admin@appnest.in
2026-02-20T06:19:09.365Z - Login attempt for: rahul@techstart.in
2026-02-20T06:20:30.344Z - Login attempt for: admin@appnest.in
2026-02-20T06:23:59.587Z - Login attempt for: admin@appnest.in
2026-02-20T06:25:34.290Z - Login attempt for: admin@appnest.in
2026-02-20T06:29:26.698Z - Login attempt for: admin@appnest.in
2026-02-20T06:30:49.932Z - Login attempt for: qureshizakir22@gmail.com
2026-02-20T06:32:02.822Z - Login attempt for: admin@appnest.in
2026-02-20T06:35:54.636Z - Login attempt for: qureshizakir22@gmail.com
2026-02-20T06:37:05.490Z - Login attempt for: admin@appnest.in
2026-02-20T06:39:38.873Z - Login attempt for: qureshizakir22@gmail.com
2026-02-20T06:42:00.568Z - Login attempt for: admin@appnest.in
2026-02-20T06:42:59.701Z - Login attempt for: qureshizakir22@gmail.com
2026-02-20T06:43:54.477Z - Login attempt for: admin@appnest.in
2026-02-20T06:49:01.123Z - Login attempt for: admin0@appnest.in
2026-02-20T06:49:36.334Z - Login attempt for: admin@appnest.in
2026-02-20T06:49:51.544Z - Login attempt for: zahidqureshi1003@gmail.com
2026-02-20T06:50:04.730Z - Login attempt for: admin@appnest.in
2026-02-20T06:50:59.250Z - Login attempt for: admin0@appnest.in
2026-02-20T06:51:11.543Z - Login attempt for: zahidqureshi1003@gmail.com
2026-02-21T08:46:56.811Z - Login attempt for: zahidqureshi1003@gmail.com
2026-02-21T08:46:57.798Z - Login attempt for: zahidqureshi1003@gmail.com
2026-02-21T08:51:00.675Z - Login attempt for: admin@appnest.in
2026-02-21T08:52:42.546Z - Login attempt for: admin@appnest.in
